<?xml version="1.0" encoding="UTF-8"?>
<!-- Generated by org.testng.reporters.JUnitXMLReporter -->
<testsuite hostname="DESKTOP-CCNM418" failures="0" tests="4" name="Default test" time="30.336" errors="0" timestamp="8 Jun 2025 08:33:18 GMT">
  <testcase classname="testng1.PracticePageTests" name="testRadioButton" time="1.595"/>
  <testcase classname="testng1.PracticePageTests" name="testCheckbox" time="0.713"/>
  <testcase classname="testng1.PracticePageTests" name="testDropdown" time="0.557"/>
  <testcase classname="testng1.PracticePageTests" name="testSuggestionBox" time="0.657"/>
</testsuite> <!-- Default test -->
